#
# A fatal error has been detected by the Java Runtime Environment:
#
#  EXCEPTION_ACCESS_VIOLATION (0xc0000005) at pc=0x0000018ea56ae768, pid=11716, tid=10536
#
# JRE version: Java(TM) SE Runtime Environment (17.0+35) (build 17+35-LTS-2724)
# Java VM: Java HotSpot(TM) 64-Bit Server VM (17+35-LTS-2724, mixed mode, sharing, tiered, compressed oops, compressed class ptrs, g1 gc, windows-amd64)
# Problematic frame:
# v  ~BufferBlob::vtable chunks
#
# No core dump will be written. Minidumps are not enabled by default on client versions of Windows
#
# If you would like to submit a bug report, please visit:
#   https://bugreport.java.com/bugreport/crash.jsp
#

---------------  S U M M A R Y ------------

Command Line: -Dclassworlds.conf=D:\Maven\apache-maven-3.9.5\bin\m2.conf -Dmaven.home=D:\Maven\apache-maven-3.9.5 -Dlibrary.jansi.path=D:\Maven\apache-maven-3.9.5\lib\jansi-native -Dmaven.multiModuleProjectDirectory=C:\Users\Douglas\Desktop\DouglasADM\Inatel\Atividades Inatel - 5 Semestre\SnakeGamePOO org.codehaus.plexus.classworlds.launcher.Launcher compile javafx:run

Host: Intel(R) Core(TM) i5-3330 CPU @ 3.00GHz, 4 cores, 7G,  Windows 10 , 64 bit Build 19041 (10.0.19041.3636)
Time: Fri Apr 19 22:41:42 2024 E. South America Standard Time elapsed time: 4.133537 seconds (0d 0h 0m 4s)

---------------  T H R E A D  ---------------

Current thread (0x0000018e9c5d4380):  JavaThread "main" [_thread_in_Java, id=10536, stack(0x0000006455500000,0x0000006455600000)]

Stack: [0x0000006455500000,0x0000006455600000],  sp=0x00000064555fbd88,  free space=1007k
Native frames: (J=compiled Java code, j=interpreted, Vv=VM code, C=native code)
C  0x0000018ea56ae768


siginfo: EXCEPTION_ACCESS_VIOLATION (0xc0000005), reading address 0x000001cebdc5e668


Register to memory mapping:

RIP=0x0000018ea56ae768 is at entry_point+0 in a vtable stub
vtable stub (index = 2, receiver_location = 4, code = [0x0000018ea56ae768, 0x0000018ea56ae810])
RAX=0x000001cebdc5e660 is an unknown value
RBX=0x00000000000003d8 is an unknown value
RCX=0x0 is NULL
RDX=0x00000000881bd8b0 is an oop: java.util.ArrayList$Itr 
{0x00000000881bd8b0} - klass: 'java/util/ArrayList$Itr'
 - ---- fields (total size 4 words):
 - 'cursor' 'I' @12  0
 - 'lastRet' 'I' @16  -1 (ffffffff)
 - 'expectedModCount' 'I' @20  0
 - final synthetic 'this$0' 'Ljava/util/ArrayList;' @24  a 'java/util/ArrayList'{0x00000000881bd810} (881bd810)
RSP=0x00000064555fbd88 is pointing into the stack for thread: 0x0000018e9c5d4380
RBP=0x00000064555fc070 is pointing into the stack for thread: 0x0000018e9c5d4380
RSI=0x0000000800194b08 is a pointer to class: 
java.util.ArrayList$Itr {0x0000000800194b10}
 - instance size:     4
 - klass size:        75
 - access:            synchronized 
 - state:             fully_initialized
 - name:              'java/util/ArrayList$Itr'
 - super:             'java/lang/Object'
 - sub:               'java/util/ArrayList$ListItr'   
 - arrays:            NULL
 - methods:           Array<T>(0x00000008007915d8)
 - method ordering:   Array<T>(0x00000008007916e8)
 - default_methods:   Array<T>(0x0000000000000000)
 - local interfaces:  Array<T>(0x0000000800790df0)
 - trans. interfaces: Array<T>(0x0000000800790df0)
 - constants:         constant pool [103] {0x0000000800791008} for 'java/util/ArrayList$Itr' cache=0x0000000800195128
 - class loader data:  loader data: 0x0000018e9c6ae970 of 'bootstrap'
 - source file:       'ArrayList.java'
 - class annotations:       Array<T>(0x0000000000000000)
 - class type annotations:  Array<T>(0x0000000000000000)
 - field annotations:       Array<T>(0x0000000000000000)
 - field type annotations:  Array<T>(0x0000000000000000)
 - generic signature: 'Ljava/lang/Object;Ljava/util/Iterator<TE;>;'
 - inner classes:     Array<T>(0x00000008007915c0)
 - nest members:     Array<T>(0x00000008005af340)
 - permitted subclasses:     Array<T>(0x00000008005af340)
 - java mirror:       a 'java/lang/Class'{0x00000000804f6468} = 'java/util/ArrayList$Itr'
 - vtable length      9  (start addr: 0x0000000800194cd0)
 - itable length      8 (start addr: 0x0000000800194d18)
 - ---- static fields (0 words):
 - ---- non-static fields (4 words):
 - 'cursor' 'I' @12 
 - 'lastRet' 'I' @16 
 - 'expectedModCount' 'I' @20 
 - final synthetic 'this$0' 'Ljava/util/ArrayList;' @24 
 - non-static oop maps: 24-24 
RDI=0x0000018ebe9d5350 is pointing into metadata
R8 =0x00000000881bd810 is an oop: java.util.ArrayList 
{0x00000000881bd810} - klass: 'java/util/ArrayList'
 - ---- fields (total size 3 words):
 - protected transient 'modCount' 'I' @12  0
 - private 'size' 'I' @16  0
 - transient 'elementData' '[Ljava/lang/Object;' @20  a 'java/lang/Object'[0] {0x0000000080527980} (80527980)
R9 =0x00000000881bd8a0 is an oop: org.apache.maven.model.merge.ModelMerger$SourceDominant 
{0x00000000881bd8a0} - klass: 'org/apache/maven/model/merge/ModelMerger$SourceDominant'
 - ---- fields (total size 2 words):
 - private final 'sourceDominant' 'Z' @12  true
R10=0x0000000800000000 is pointing into metadata
R11=0x0 is NULL
R12=0x0 is NULL
R13=0x00000064555fc000 is pointing into the stack for thread: 0x0000018e9c5d4380
R14=0x00000064555fc0a0 is pointing into the stack for thread: 0x0000018e9c5d4380
R15=0x0000018e9c5d4380 is a thread


Registers:
RAX=0x000001cebdc5e660, RBX=0x00000000000003d8, RCX=0x0000000000000000, RDX=0x00000000881bd8b0
RSP=0x00000064555fbd88, RBP=0x00000064555fc070, RSI=0x0000000800194b08, RDI=0x0000018ebe9d5350
R8 =0x00000000881bd810, R9 =0x00000000881bd8a0, R10=0x0000000800000000, R11=0x0000000000000000
R12=0x0000000000000000, R13=0x00000064555fc000, R14=0x00000064555fc0a0, R15=0x0000018e9c5d4380
RIP=0x0000018ea56ae768, EFLAGS=0x0000000000010206

Top of Stack: (sp=0x00000064555fbd88)
0x00000064555fbd88:   0000018ea61e104c 00000000837ffd08
0x00000064555fbd98:   00000008ffffffff 0000000083705940
0x00000064555fbda8:   0000018ea614d5b4 0000000083705940
0x00000064555fbdb8:   0000018ea610f6a4 0000000000000000
0x00000064555fbdc8:   00000000881b75d0 0000000000000002
0x00000064555fbdd8:   0000000000000002 00000064555fc070
0x00000064555fbde8:   0000018ea5eed194 0000000000000005
0x00000064555fbdf8:   00000000881bd810 00000000837ffcd0
0x00000064555fbe08:   00000000881bd848 00000000881bd8a0
0x00000064555fbe18:   00000000881b2e78 00000000881b7f08
0x00000064555fbe28:   00000000837119f0 0000000400000000
0x00000064555fbe38:   00000000881bd8b0 00000000881bab30
0x00000064555fbe48:   00000000881b2e98 00000000881bab68
0x00000064555fbe58:   00000000881b82d8 00000000881bb428
0x00000064555fbe68:   000000008053a338 00000000881bd868
0x00000064555fbe78:   000000008370ca78 00000064555fc070 

Instructions: (pc=0x0000018ea56ae768)
0x0000018ea56ae668:   00 00 00 00 00 00 00 00 00 00 00 00 00 00 00 00
0x0000018ea56ae678:   0f 00 17 00 00 00 01 00 8b 42 08 49 ba 00 00 00
0x0000018ea56ae688:   00 08 00 00 00 49 03 c2 48 8b 98 40 02 00 00 ff
0x0000018ea56ae698:   63 40 00 00 00 00 00 00 00 00 00 00 00 00 00 00
0x0000018ea56ae6a8:   01 00 87 00 07 00 00 00 48 8b 58 08 48 8b 00 44
0x0000018ea56ae6b8:   8b 52 08 49 bb 00 00 00 00 08 00 00 00 4d 03 d3
0x0000018ea56ae6c8:   45 8b 5a 10 4f 8d 9c da c8 01 00 00 4d 8b 13 49
0x0000018ea56ae6d8:   3b da 74 15 4d 85 d2 0f 84 55 00 00 00 49 83 c3
0x0000018ea56ae6e8:   10 4d 8b 13 49 3b da 75 eb 44 8b 52 08 49 bb 00
0x0000018ea56ae6f8:   00 00 00 08 00 00 00 4d 03 d3 45 8b 5a 10 4f 8d
0x0000018ea56ae708:   9c da c8 01 00 00 4d 8d 52 08 49 8b 1b 48 3b c3
0x0000018ea56ae718:   74 15 48 85 db 0f 84 17 00 00 00 49 83 c3 10 49
0x0000018ea56ae728:   8b 1b 48 3b c3 75 eb 45 8b 5b 08 4b 8b 1c 1a ff
0x0000018ea56ae738:   63 40 e9 41 dd f4 ff 00 00 00 00 00 00 00 00 00
0x0000018ea56ae748:   00 00 00 00 00 00 00 00 00 00 00 00 00 00 00 00
0x0000018ea56ae758:   00 00 00 00 00 00 00 00 02 00 87 00 07 00 00 00
0x0000018ea56ae768:   48 8b 58 08 48 8b 00 44 8b 52 08 49 bb 00 00 00
0x0000018ea56ae778:   00 08 00 00 00 4d 03 d3 45 8b 5a 10 4f 8d 9c da
0x0000018ea56ae788:   c8 01 00 00 4d 8b 13 49 3b da 74 15 4d 85 d2 0f
0x0000018ea56ae798:   84 55 00 00 00 49 83 c3 10 4d 8b 13 49 3b da 75
0x0000018ea56ae7a8:   eb 44 8b 52 08 49 bb 00 00 00 00 08 00 00 00 4d
0x0000018ea56ae7b8:   03 d3 45 8b 5a 10 4f 8d 9c da c8 01 00 00 4d 8d
0x0000018ea56ae7c8:   52 10 49 8b 1b 48 3b c3 74 15 48 85 db 0f 84 17
0x0000018ea56ae7d8:   00 00 00 49 83 c3 10 49 8b 1b 48 3b c3 75 eb 45
0x0000018ea56ae7e8:   8b 5b 08 4b 8b 1c 1a ff 63 40 e9 89 dc f4 ff 00
0x0000018ea56ae7f8:   00 00 00 00 00 00 00 00 00 00 00 00 00 00 00 00
0x0000018ea56ae808:   00 00 00 00 00 00 00 00 00 00 00 00 00 00 00 00
0x0000018ea56ae818:   1d 00 17 00 00 00 01 00 8b 42 08 49 ba 00 00 00
0x0000018ea56ae828:   00 08 00 00 00 49 03 c2 48 8b 98 b0 02 00 00 ff
0x0000018ea56ae838:   63 40 00 00 00 00 00 00 00 00 00 00 00 00 00 00
0x0000018ea56ae848:   14 00 17 00 00 00 01 00 8b 42 08 49 ba 00 00 00
0x0000018ea56ae858:   00 08 00 00 00 49 03 c2 48 8b 98 68 02 00 00 ff 


Stack slot to memory mapping:
stack at sp + 0 slots: 0x0000018ea61e104c is at entry_point+2988 in (nmethod*)0x0000018ea61e0090
stack at sp + 1 slots: 0x00000000837ffd08 is an oop: java.util.regex.Pattern$GroupHead 
{0x00000000837ffd08} - klass: 'java/util/regex/Pattern$GroupHead'
 - ---- fields (total size 3 words):
 - 'next' 'Ljava/util/regex/Pattern$Node;' @12  a 'java/util/regex/Pattern$Slice'{0x00000000837ffd20} (837ffd20)
 - 'localIndex' 'I' @16  3
 - 'tail' 'Ljava/util/regex/Pattern$GroupTail;' @20  a 'java/util/regex/Pattern$GroupTail'{0x00000000837ffe28} (837ffe28)
stack at sp + 2 slots: 0x00000008ffffffff is an unknown value
stack at sp + 3 slots: 0x0000000083705940 is an oop: java.lang.String 
{0x0000000083705940} - klass: 'java/lang/String'
 - string: "http://0.0.0.0/"
stack at sp + 4 slots: 0x0000018ea614d5b4 is at entry_point+308 in (nmethod*)0x0000018ea614d290
stack at sp + 5 slots: 0x0000000083705940 is an oop: java.lang.String 
{0x0000000083705940} - klass: 'java/lang/String'
 - string: "http://0.0.0.0/"
stack at sp + 6 slots: 0x0000018ea610f6a4 is at entry_point+708 in (nmethod*)0x0000018ea610f210
stack at sp + 7 slots: 0x0 is NULL

--------------------------------------------------------------------------------
Decoding CodeBlob, name: vtable chunks, at  [0x0000018ea56ae300, 0x0000018ea56aed08]  2568 bytes
[MachCode]
  0x0000018ea56ae300: 0000 0000 | 0000 0000 | 0300 1700 | 0000 0100 | 8b42 0849 | ba00 0000 | 0008 0000 | 0049 03c2 
  0x0000018ea56ae320: 488b 98e0 | 0100 00ff | 6340 0000 | 0000 0000 | 0000 0000 | 0000 0000 | 0000 0000 | 0000 0000 
  0x0000018ea56ae340: 0000 0000 | 0000 0000 | 0000 0000 | 0000 0000 | 0000 0000 | 0000 0000 | 0100 1700 | 0000 0100 
  0x0000018ea56ae360: 8b42 0849 | ba00 0000 | 0008 0000 | 0049 03c2 | 488b 98d0 | 0100 00ff | 6340 0000 | 0000 0000 
  0x0000018ea56ae380: 0000 0000 | 0000 0000 | 1c00 1700 | 0000 0100 | 8b42 0849 | ba00 0000 | 0008 0000 | 0049 03c2 
  0x0000018ea56ae3a0: 488b 98a8 | 0200 00ff | 6340 0000 | 0000 0000 | 0000 0000 | 0000 0000 | 1e00 1700 | 0000 0100 
  0x0000018ea56ae3c0: 8b42 0849 | ba00 0000 | 0008 0000 | 0049 03c2 | 488b 98b8 | 0200 00ff | 6340 0000 | 0000 0000 
  0x0000018ea56ae3e0: 0000 0000 | 0000 0000 | 0600 1700 | 0000 0100 | 8b42 0849 | ba00 0000 | 0008 0000 | 0049 03c2 
  0x0000018ea56ae400: 488b 98f8 | 0100 00ff | 6340 0000 | 0000 0000 | 0000 0000 | 0000 0000 | 2700 1700 | 0000 0100 
  0x0000018ea56ae420: 8b42 0849 | ba00 0000 | 0008 0000 | 0049 03c2 | 488b 9800 | 0300 00ff | 6340 0000 | 0000 0000 
  0x0000018ea56ae440: 0000 0000 | 0000 0000 | 0800 1700 | 0000 0100 | 8b42 0849 | ba00 0000 | 0008 0000 | 0049 03c2 
  0x0000018ea56ae460: 488b 9808 | 0200 00ff | 6340 0000 | 0000 0000 | 0000 0000 | 0000 0000 | 0a00 1700 | 0000 0100 
  0x0000018ea56ae480: 8b42 0849 | ba00 0000 | 0008 0000 | 0049 03c2 | 488b 9818 | 0200 00ff | 6340 0000 | 0000 0000 
  0x0000018ea56ae4a0: 0000 0000 | 0000 0000 | 0700 1700 | 0000 0100 | 8b42 0849 | ba00 0000 | 0008 0000 | 0049 03c2 
  0x0000018ea56ae4c0: 488b 9800 | 0200 00ff | 6340 0000 | 0000 0000 | 0000 0000 | 0000 0000 | 0500 1700 | 0000 0100 
  0x0000018ea56ae4e0: 8b42 0849 | ba00 0000 | 0008 0000 | 0049 03c2 | 488b 98f0 | 0100 00ff | 6340 0000 | 0000 0000 
  0x0000018ea56ae500: 0000 0000 | 0000 0000 | 0e00 1700 | 0000 0100 | 8b42 0849 | ba00 0000 | 0008 0000 | 0049 03c2 
  0x0000018ea56ae520: 488b 9838 | 0200 00ff | 6340 0000 | 0000 0000 | 0000 0000 | 0000 0000 | 0900 1700 | 0000 0100 
  0x0000018ea56ae540: 8b42 0849 | ba00 0000 | 0008 0000 | 0049 03c2 | 488b 9810 | 0200 00ff | 6340 0000 | 0000 0000 
  0x0000018ea56ae560: 0000 0000 | 0000 0000 | 0000 8600 | 0700 0000 | 488b 5808 | 488b 0044 | 8b52 0849 | bb00 0000 
  0x0000018ea56ae580: 0008 0000 | 004d 03d3 | 458b 5a10 | 4f8d 9cda | c801 0000 | 4d8b 1349 | 3bda 7415 | 4d85 d20f 
  0x0000018ea56ae5a0: 8454 0000 | 0049 83c3 | 104d 8b13 | 493b da75 | eb44 8b52 | 0849 bb00 | 0000 0008 | 0000 004d 
  0x0000018ea56ae5c0: 03d3 458b | 5a10 4f8d | 9cda c801 | 0000 4d8d | 1249 8b1b | 483b c374 | 1548 85db | 0f84 1700 
  0x0000018ea56ae5e0: 0000 4983 | c310 498b | 1b48 3bc3 | 75eb 458b | 5b08 4b8b | 1c1a ff63 | 40e9 82de | f4ff 0000 
  0x0000018ea56ae600: 0000 0000 | 0000 0000 | 0000 0000 | 0000 0000 | 0000 0000 | 0000 0000 | 0000 0000 | 0000 0000 
  0x0000018ea56ae620: 0000 0000 | 0000 0000 | 0000 0000 | 0000 0000 | 0000 0000 | 0000 0000 | 0000 0000 | 0000 0000 
  0x0000018ea56ae640: 0000 0000 | 0000 0000 | 0000 0000 | 0000 0000 | 0000 0000 | 0000 0000 | 0000 0000 | 0000 0000 
  0x0000018ea56ae660: 0000 0000 | 0000 0000 | 0000 0000 | 0000 0000 | 0000 0000 | 0000 0000 | 0f00 1700 | 0000 0100 
  0x0000018ea56ae680: 8b42 0849 | ba00 0000 | 0008 0000 | 0049 03c2 | 488b 9840 | 0200 00ff | 6340 0000 | 0000 0000 
  0x0000018ea56ae6a0: 0000 0000 | 0000 0000 | 0100 8700 | 0700 0000 | 488b 5808 | 488b 0044 | 8b52 0849 | bb00 0000 
  0x0000018ea56ae6c0: 0008 0000 | 004d 03d3 | 458b 5a10 | 4f8d 9cda | c801 0000 | 4d8b 1349 | 3bda 7415 | 4d85 d20f 
  0x0000018ea56ae6e0: 8455 0000 | 0049 83c3 | 104d 8b13 | 493b da75 | eb44 8b52 | 0849 bb00 | 0000 0008 | 0000 004d 
  0x0000018ea56ae700: 03d3 458b | 5a10 4f8d | 9cda c801 | 0000 4d8d | 5208 498b | 1b48 3bc3 | 7415 4885 | db0f 8417 
  0x0000018ea56ae720: 0000 0049 | 83c3 1049 | 8b1b 483b | c375 eb45 | 8b5b 084b | 8b1c 1aff | 6340 e941 | ddf4 ff00 
  0x0000018ea56ae740: 0000 0000 | 0000 0000 | 0000 0000 | 0000 0000 | 0000 0000 | 0000 0000 | 0000 0000 | 0000 0000 
  0x0000018ea56ae760: 0200 8700 | 0700 0000 | 488b 5808 | 488b 0044 | 8b52 0849 | bb00 0000 | 0008 0000 | 004d 03d3 
  0x0000018ea56ae780: 458b 5a10 | 4f8d 9cda | c801 0000 | 4d8b 1349 | 3bda 7415 | 4d85 d20f | 8455 0000 | 0049 83c3 
  0x0000018ea56ae7a0: 104d 8b13 | 493b da75 | eb44 8b52 | 0849 bb00 | 0000 0008 | 0000 004d | 03d3 458b | 5a10 4f8d 
  0x0000018ea56ae7c0: 9cda c801 | 0000 4d8d | 5210 498b | 1b48 3bc3 | 7415 4885 | db0f 8417 | 0000 0049 | 83c3 1049 
  0x0000018ea56ae7e0: 8b1b 483b | c375 eb45 | 8b5b 084b | 8b1c 1aff | 6340 e989 | dcf4 ff00 | 0000 0000 | 0000 0000 
  0x0000018ea56ae800: 0000 0000 | 0000 0000 | 0000 0000 | 0000 0000 | 0000 0000 | 0000 0000 | 1d00 1700 | 0000 0100 
  0x0000018ea56ae820: 8b42 0849 | ba00 0000 | 0008 0000 | 0049 03c2 | 488b 98b0 | 0200 00ff | 6340 0000 | 0000 0000 
  0x0000018ea56ae840: 0000 0000 | 0000 0000 | 1400 1700 | 0000 0100 | 8b42 0849 | ba00 0000 | 0008 0000 | 0049 03c2 
  0x0000018ea56ae860: 488b 9868 | 0200 00ff | 6340 0000 | 0000 0000 | 0000 0000 | 0000 0000 | 1b00 1700 | 0000 0100 
  0x0000018ea56ae880: 8b42 0849 | ba00 0000 | 0008 0000 | 0049 03c2 | 488b 98a0 | 0200 00ff | 6340 0000 | 0000 0000 
  0x0000018ea56ae8a0: 0000 0000 | 0000 0000 | 0500 8700 | 0700 0000 | 488b 5808 | 488b 0044 | 8b52 0849 | bb00 0000 
  0x0000018ea56ae8c0: 0008 0000 | 004d 03d3 | 458b 5a10 | 4f8d 9cda | c801 0000 | 4d8b 1349 | 3bda 7415 | 4d85 d20f 
  0x0000018ea56ae8e0: 8455 0000 | 0049 83c3 | 104d 8b13 | 493b da75 | eb44 8b52 | 0849 bb00 | 0000 0008 | 0000 004d 
  0x0000018ea56ae900: 03d3 458b | 5a10 4f8d | 9cda c801 | 0000 4d8d | 5228 498b | 1b48 3bc3 | 7415 4885 | db0f 8417 
  0x0000018ea56ae920: 0000 0049 | 83c3 1049 | 8b1b 483b | c375 eb45 | 8b5b 084b | 8b1c 1aff | 6340 e941 | dbf4 ff00 
  0x0000018ea56ae940: 0000 0000 | 0000 0000 | 0000 0000 | 0000 0000 | 0000 0000 | 0000 0000 | 0000 0000 | 0000 0000 
  0x0000018ea56ae960: 0400 8700 | 0700 0000 | 488b 5808 | 488b 0044 | 8b52 0849 | bb00 0000 | 0008 0000 | 004d 03d3 
  0x0000018ea56ae980: 458b 5a10 | 4f8d 9cda | c801 0000 | 4d8b 1349 | 3bda 7415 | 4d85 d20f | 8455 0000 | 0049 83c3 
  0x0000018ea56ae9a0: 104d 8b13 | 493b da75 | eb44 8b52 | 0849 bb00 | 0000 0008 | 0000 004d | 03d3 458b | 5a10 4f8d 
  0x0000018ea56ae9c0: 9cda c801 | 0000 4d8d | 5220 498b | 1b48 3bc3 | 7415 4885 | db0f 8417 | 0000 0049 | 83c3 1049 
  0x0000018ea56ae9e0: 8b1b 483b | c375 eb45 | 8b5b 084b | 8b1c 1aff | 6340 e989 | daf4 ff00 | 0000 0000 | 0000 0000 
  0x0000018ea56aea00: 0000 0000 | 0000 0000 | 0000 0000 | 0000 0000 | 0000 0000 | 0000 0000 | 0b00 1700 | 0000 0100 
  0x0000018ea56aea20: 8b42 0849 | ba00 0000 | 0008 0000 | 0049 03c2 | 488b 9820 | 0200 00ff | 6340 0000 | 0000 0000 
  0x0000018ea56aea40: 0000 0000 | 0000 0000 | 0c00 1700 | 0000 0100 | 8b42 0849 | ba00 0000 | 0008 0000 | 0049 03c2 
  0x0000018ea56aea60: 488b 9828 | 0200 00ff | 6340 0000 | 0000 0000 | 0000 0000 | 0000 0000 | 1100 1700 | 0000 0100 
  0x0000018ea56aea80: 8b42 0849 | ba00 0000 | 0008 0000 | 0049 03c2 | 488b 9850 | 0200 00ff | 6340 0000 | 0000 0000 
  0x0000018ea56aeaa0: 0000 0000 | 0000 0000 | 2900 1700 | 0000 0100 | 8b42 0849 | ba00 0000 | 0008 0000 | 0049 03c2 
  0x0000018ea56aeac0: 488b 9810 | 0300 00ff | 6340 0000 | 0000 0000 | 0000 0000 | 0000 0000 | 1900 1700 | 0000 0100 
  0x0000018ea56aeae0: 8b42 0849 | ba00 0000 | 0008 0000 | 0049 03c2 | 488b 9890 | 0200 00ff | 6340 0000 | 0000 0000 
  0x0000018ea56aeb00: 0000 0000 | 0000 0000 | 1200 1700 | 0000 0100 | 8b42 0849 | ba00 0000 | 0008 0000 | 0049 03c2 
  0x0000018ea56aeb20: 488b 9858 | 0200 00ff | 6340 0000 | 0000 0000 | 0000 0000 | 0000 0000 | 1300 1700 | 0000 0100 
  0x0000018ea56aeb40: 8b42 0849 | ba00 0000 | 0008 0000 | 0049 03c2 | 488b 9860 | 0200 00ff | 6340 0000 | 0000 0000 
  0x0000018ea56aeb60: 0000 0000 | 0000 0000 | 2a00 1700 | 0000 0100 | 8b42 0849 | ba00 0000 | 0008 0000 | 0049 03c2 
  0x0000018ea56aeb80: 488b 9818 | 0300 00ff | 6340 0000 | 0000 0000 | 0000 0000 | 0000 0000 | 0300 8700 | 0700 0000 
  0x0000018ea56aeba0: 488b 5808 | 488b 0044 | 8b52 0849 | bb00 0000 | 0008 0000 | 004d 03d3 | 458b 5a10 | 4f8d 9cda 
  0x0000018ea56aebc0: c801 0000 | 4d8b 1349 | 3bda 7415 | 4d85 d20f | 8455 0000 | 0049 83c3 | 104d 8b13 | 493b da75 
  0x0000018ea56aebe0: eb44 8b52 | 0849 bb00 | 0000 0008 | 0000 004d | 03d3 458b | 5a10 4f8d | 9cda c801 | 0000 4d8d 
  0x0000018ea56aec00: 5218 498b | 1b48 3bc3 | 7415 4885 | db0f 8417 | 0000 0049 | 83c3 1049 | 8b1b 483b | c375 eb45 
  0x0000018ea56aec20: 8b5b 084b | 8b1c 1aff | 6340 e951 | d8f4 ff00 | 0000 0000 | 0000 0000 | 0000 0000 | 0000 0000 
  0x0000018ea56aec40: 0000 0000 | 0000 0000 | 0000 0000 | 0000 0000 | 0700 8700 | 0700 0000 | 488b 5808 | 488b 0044 
  0x0000018ea56aec60: 8b52 0849 | bb00 0000 | 0008 0000 | 004d 03d3 | 458b 5a10 | 4f8d 9cda | c801 0000 | 4d8b 1349 
  0x0000018ea56aec80: 3bda 7415 | 4d85 d20f | 8455 0000 | 0049 83c3 | 104d 8b13 | 493b da75 | eb44 8b52 | 0849 bb00 
  0x0000018ea56aeca0: 0000 0008 | 0000 004d | 03d3 458b | 5a10 4f8d | 9cda c801 | 0000 4d8d | 5238 498b | 1b48 3bc3 
  0x0000018ea56aecc0: 7415 4885 | db0f 8417 | 0000 0049 | 83c3 1049 | 8b1b 483b | c375 eb45 | 8b5b 084b | 8b1c 1aff 
  0x0000018ea56aece0: 6340 e999 | d7f4 ff00 | 0000 0000 | 0000 0000 | 0000 0000 | 0000 0000 | 0000 0000 | 0000 0000 
  0x0000018ea56aed00: 0000 0000 | 0000 0000 
[/MachCode]
--------------------------------------------------------------------------------


---------------  P R O C E S S  ---------------

Threads class SMR info:
_java_thread_list=0x0000018ebd2bae00, length=13, elements={
0x0000018e9c5d4380, 0x0000018ebbd9c340, 0x0000018ebbd9d0c0, 0x0000018ebbdb2560,
0x0000018ebbdb4f30, 0x0000018ebbdb57f0, 0x0000018ebbdb60b0, 0x0000018ebbdb6d50,
0x0000018ebbdc91a0, 0x0000018ebbdcfae0, 0x0000018ebc8a1f00, 0x0000018ebc8aa4a0,
0x0000018ebd24e7e0
}

Java Threads: ( => current thread )
=>0x0000018e9c5d4380 JavaThread "main" [_thread_in_Java, id=10536, stack(0x0000006455500000,0x0000006455600000)]
  0x0000018ebbd9c340 JavaThread "Reference Handler" daemon [_thread_blocked, id=4836, stack(0x0000006455c00000,0x0000006455d00000)]
  0x0000018ebbd9d0c0 JavaThread "Finalizer" daemon [_thread_blocked, id=9432, stack(0x0000006455d00000,0x0000006455e00000)]
  0x0000018ebbdb2560 JavaThread "Signal Dispatcher" daemon [_thread_blocked, id=264, stack(0x0000006455e00000,0x0000006455f00000)]
  0x0000018ebbdb4f30 JavaThread "Attach Listener" daemon [_thread_blocked, id=16480, stack(0x0000006455f00000,0x0000006456000000)]
  0x0000018ebbdb57f0 JavaThread "Service Thread" daemon [_thread_blocked, id=9268, stack(0x0000006456000000,0x0000006456100000)]
  0x0000018ebbdb60b0 JavaThread "Monitor Deflation Thread" daemon [_thread_blocked, id=17296, stack(0x0000006456100000,0x0000006456200000)]
  0x0000018ebbdb6d50 JavaThread "C2 CompilerThread0" daemon [_thread_blocked, id=6260, stack(0x0000006456200000,0x0000006456300000)]
  0x0000018ebbdc91a0 JavaThread "C1 CompilerThread0" daemon [_thread_blocked, id=8232, stack(0x0000006456300000,0x0000006456400000)]
  0x0000018ebbdcfae0 JavaThread "Sweeper thread" daemon [_thread_blocked, id=11108, stack(0x0000006456400000,0x0000006456500000)]
  0x0000018ebc8a1f00 JavaThread "Notification Thread" daemon [_thread_blocked, id=15672, stack(0x0000006456500000,0x0000006456600000)]
  0x0000018ebc8aa4a0 JavaThread "Common-Cleaner" daemon [_thread_blocked, id=13900, stack(0x0000006456700000,0x0000006456800000)]
  0x0000018ebd24e7e0 JavaThread "C2 CompilerThread1" daemon [_thread_blocked, id=11172, stack(0x0000006456c00000,0x0000006456d00000)]

Other Threads:
  0x0000018ebbd97b80 VMThread "VM Thread" [stack: 0x0000006455b00000,0x0000006455c00000] [id=2088]
  0x0000018ebc8a6800 WatcherThread [stack: 0x0000006456600000,0x0000006456700000] [id=6252]
  0x0000018e9c615180 GCTaskThread "GC Thread#0" [stack: 0x0000006455600000,0x0000006455700000] [id=14656]
  0x0000018ebce96f30 GCTaskThread "GC Thread#1" [stack: 0x0000006456800000,0x0000006456900000] [id=16292]
  0x0000018ebd0da990 GCTaskThread "GC Thread#2" [stack: 0x0000006456900000,0x0000006456a00000] [id=7044]
  0x0000018ebd1134f0 GCTaskThread "GC Thread#3" [stack: 0x0000006456a00000,0x0000006456b00000] [id=11516]
  0x0000018e9c626f60 ConcurrentGCThread "G1 Main Marker" [stack: 0x0000006455700000,0x0000006455800000] [id=16652]
  0x0000018e9c627880 ConcurrentGCThread "G1 Conc#0" [stack: 0x0000006455800000,0x0000006455900000] [id=2592]
  0x0000018e9c6a1440 ConcurrentGCThread "G1 Refine#0" [stack: 0x0000006455900000,0x0000006455a00000] [id=17096]
  0x0000018ebd10e0d0 ConcurrentGCThread "G1 Refine#1" [stack: 0x0000006456b00000,0x0000006456c00000] [id=17328]
  0x0000018e9c6a1d70 ConcurrentGCThread "G1 Service" [stack: 0x0000006455a00000,0x0000006455b00000] [id=12720]

Threads with active compile tasks:

VM state: not at safepoint (normal execution)

VM Mutex/Monitor currently owned by a thread: None

Heap address: 0x0000000080400000, size: 2044 MB, Compressed Oops mode: 32-bit

CDS archive(s) mapped at: [0x0000000800000000-0x0000000800bc0000-0x0000000800bc0000), size 12320768, SharedBaseAddress: 0x0000000800000000, ArchiveRelocationMode: 0.
Compressed class space mapped at: 0x0000000800c00000-0x0000000840c00000, reserved size: 1073741824
Narrow klass base: 0x0000000800000000, Narrow klass shift: 0, Narrow klass range: 0x100000000

GC Precious Log:
 CPUs: 4 total, 4 available
 Memory: 8173M
 Large Page Support: Disabled
 NUMA Support: Disabled
 Compressed Oops: Enabled (32-bit)
 Heap Region Size: 1M
 Heap Min Capacity: 8M
 Heap Initial Capacity: 128M
 Heap Max Capacity: 2044M
 Pre-touch: Disabled
 Parallel Workers: 4
 Concurrent Workers: 1
 Concurrent Refinement Workers: 4
 Periodic GC: Disabled

Heap:
 garbage-first heap   total 131072K, used 12749K [0x0000000080400000, 0x0000000100000000)
  region size 1024K, 11 young (11264K), 8 survivors (8192K)
 Metaspace       used 16977K, committed 17152K, reserved 1064960K
  class space    used 1977K, committed 2048K, reserved 1048576K

Heap Regions: E=young(eden), S=young(survivor), O=old, HS=humongous(starts), HC=humongous(continues), CS=collection set, F=free, OA=open archive, CA=closed archive, TAMS=top-at-mark-start (previous, next)
|   0|0x0000000080400000, 0x0000000080500000, 0x0000000080500000|100%| O|  |TAMS 0x0000000080400000, 0x0000000080400000| Untracked 
|   1|0x0000000080500000, 0x0000000080600000, 0x0000000080600000|100%| O|  |TAMS 0x0000000080500000, 0x0000000080500000| Untracked 
|   2|0x0000000080600000, 0x0000000080700000, 0x0000000080700000|100%| O|  |TAMS 0x0000000080600000, 0x0000000080600000| Untracked 
|   3|0x0000000080700000, 0x0000000080736000, 0x0000000080800000| 21%| O|  |TAMS 0x0000000080700000, 0x0000000080700000| Untracked 
|   4|0x0000000080800000, 0x0000000080800000, 0x0000000080900000|  0%| F|  |TAMS 0x0000000080800000, 0x0000000080800000| Untracked 
|   5|0x0000000080900000, 0x0000000080900000, 0x0000000080a00000|  0%| F|  |TAMS 0x0000000080900000, 0x0000000080900000| Untracked 
|   6|0x0000000080a00000, 0x0000000080a00000, 0x0000000080b00000|  0%| F|  |TAMS 0x0000000080a00000, 0x0000000080a00000| Untracked 
|   7|0x0000000080b00000, 0x0000000080b00000, 0x0000000080c00000|  0%| F|  |TAMS 0x0000000080b00000, 0x0000000080b00000| Untracked 
|   8|0x0000000080c00000, 0x0000000080c00000, 0x0000000080d00000|  0%| F|  |TAMS 0x0000000080c00000, 0x0000000080c00000| Untracked 
|   9|0x0000000080d00000, 0x0000000080d00000, 0x0000000080e00000|  0%| F|  |TAMS 0x0000000080d00000, 0x0000000080d00000| Untracked 
|  10|0x0000000080e00000, 0x0000000080e00000, 0x0000000080f00000|  0%| F|  |TAMS 0x0000000080e00000, 0x0000000080e00000| Untracked 
|  11|0x0000000080f00000, 0x0000000080f00000, 0x0000000081000000|  0%| F|  |TAMS 0x0000000080f00000, 0x0000000080f00000| Untracked 
|  12|0x0000000081000000, 0x0000000081000000, 0x0000000081100000|  0%| F|  |TAMS 0x0000000081000000, 0x0000000081000000| Untracked 
|  13|0x0000000081100000, 0x0000000081100000, 0x0000000081200000|  0%| F|  |TAMS 0x0000000081100000, 0x0000000081100000| Untracked 
|  14|0x0000000081200000, 0x0000000081200000, 0x0000000081300000|  0%| F|  |TAMS 0x0000000081200000, 0x0000000081200000| Untracked 
|  15|0x0000000081300000, 0x0000000081300000, 0x0000000081400000|  0%| F|  |TAMS 0x0000000081300000, 0x0000000081300000| Untracked 
|  16|0x0000000081400000, 0x0000000081400000, 0x0000000081500000|  0%| F|  |TAMS 0x0000000081400000, 0x0000000081400000| Untracked 
|  17|0x0000000081500000, 0x0000000081500000, 0x0000000081600000|  0%| F|  |TAMS 0x0000000081500000, 0x0000000081500000| Untracked 
|  18|0x0000000081600000, 0x0000000081600000, 0x0000000081700000|  0%| F|  |TAMS 0x0000000081600000, 0x0000000081600000| Untracked 
|  19|0x0000000081700000, 0x0000000081700000, 0x0000000081800000|  0%| F|  |TAMS 0x0000000081700000, 0x0000000081700000| Untracked 
|  20|0x0000000081800000, 0x0000000081800000, 0x0000000081900000|  0%| F|  |TAMS 0x0000000081800000, 0x0000000081800000| Untracked 
|  21|0x0000000081900000, 0x0000000081900000, 0x0000000081a00000|  0%| F|  |TAMS 0x0000000081900000, 0x0000000081900000| Untracked 
|  22|0x0000000081a00000, 0x0000000081a00000, 0x0000000081b00000|  0%| F|  |TAMS 0x0000000081a00000, 0x0000000081a00000| Untracked 
|  23|0x0000000081b00000, 0x0000000081b00000, 0x0000000081c00000|  0%| F|  |TAMS 0x0000000081b00000, 0x0000000081b00000| Untracked 
|  24|0x0000000081c00000, 0x0000000081c00000, 0x0000000081d00000|  0%| F|  |TAMS 0x0000000081c00000, 0x0000000081c00000| Untracked 
|  25|0x0000000081d00000, 0x0000000081d00000, 0x0000000081e00000|  0%| F|  |TAMS 0x0000000081d00000, 0x0000000081d00000| Untracked 
|  26|0x0000000081e00000, 0x0000000081e00000, 0x0000000081f00000|  0%| F|  |TAMS 0x0000000081e00000, 0x0000000081e00000| Untracked 
|  27|0x0000000081f00000, 0x0000000081f00000, 0x0000000082000000|  0%| F|  |TAMS 0x0000000081f00000, 0x0000000081f00000| Untracked 
|  28|0x0000000082000000, 0x0000000082000000, 0x0000000082100000|  0%| F|  |TAMS 0x0000000082000000, 0x0000000082000000| Untracked 
|  29|0x0000000082100000, 0x0000000082100000, 0x0000000082200000|  0%| F|  |TAMS 0x0000000082100000, 0x0000000082100000| Untracked 
|  30|0x0000000082200000, 0x0000000082200000, 0x0000000082300000|  0%| F|  |TAMS 0x0000000082200000, 0x0000000082200000| Untracked 
|  31|0x0000000082300000, 0x0000000082300000, 0x0000000082400000|  0%| F|  |TAMS 0x0000000082300000, 0x0000000082300000| Untracked 
|  32|0x0000000082400000, 0x0000000082400000, 0x0000000082500000|  0%| F|  |TAMS 0x0000000082400000, 0x0000000082400000| Untracked 
|  33|0x0000000082500000, 0x0000000082500000, 0x0000000082600000|  0%| F|  |TAMS 0x0000000082500000, 0x0000000082500000| Untracked 
|  34|0x0000000082600000, 0x0000000082600000, 0x0000000082700000|  0%| F|  |TAMS 0x0000000082600000, 0x0000000082600000| Untracked 
|  35|0x0000000082700000, 0x0000000082700000, 0x0000000082800000|  0%| F|  |TAMS 0x0000000082700000, 0x0000000082700000| Untracked 
|  36|0x0000000082800000, 0x0000000082800000, 0x0000000082900000|  0%| F|  |TAMS 0x0000000082800000, 0x0000000082800000| Untracked 
|  37|0x0000000082900000, 0x0000000082900000, 0x0000000082a00000|  0%| F|  |TAMS 0x0000000082900000, 0x0000000082900000| Untracked 
|  38|0x0000000082a00000, 0x0000000082a00000, 0x0000000082b00000|  0%| F|  |TAMS 0x0000000082a00000, 0x0000000082a00000| Untracked 
|  39|0x0000000082b00000, 0x0000000082b00000, 0x0000000082c00000|  0%| F|  |TAMS 0x0000000082b00000, 0x0000000082b00000| Untracked 
|  40|0x0000000082c00000, 0x0000000082c00000, 0x0000000082d00000|  0%| F|  |TAMS 0x0000000082c00000, 0x0000000082c00000| Untracked 
|  41|0x0000000082d00000, 0x0000000082d00000, 0x0000000082e00000|  0%| F|  |TAMS 0x0000000082d00000, 0x0000000082d00000| Untracked 
|  42|0x0000000082e00000, 0x0000000082e00000, 0x0000000082f00000|  0%| F|  |TAMS 0x0000000082e00000, 0x0000000082e00000| Untracked 
|  43|0x0000000082f00000, 0x0000000082f00000, 0x0000000083000000|  0%| F|  |TAMS 0x0000000082f00000, 0x0000000082f00000| Untracked 
|  44|0x0000000083000000, 0x000000008303d710, 0x0000000083100000| 24%| S|CS|TAMS 0x0000000083000000, 0x0000000083000000| Complete 
|  45|0x0000000083100000, 0x0000000083200000, 0x0000000083200000|100%| S|CS|TAMS 0x0000000083100000, 0x0000000083100000| Complete 
|  46|0x0000000083200000, 0x0000000083300000, 0x0000000083300000|100%| S|CS|TAMS 0x0000000083200000, 0x0000000083200000| Complete 
|  47|0x0000000083300000, 0x0000000083400000, 0x0000000083400000|100%| S|CS|TAMS 0x0000000083300000, 0x0000000083300000| Complete 
|  48|0x0000000083400000, 0x0000000083500000, 0x0000000083500000|100%| S|CS|TAMS 0x0000000083400000, 0x0000000083400000| Complete 
|  49|0x0000000083500000, 0x0000000083600000, 0x0000000083600000|100%| S|CS|TAMS 0x0000000083500000, 0x0000000083500000| Complete 
|  50|0x0000000083600000, 0x0000000083700000, 0x0000000083700000|100%| S|CS|TAMS 0x0000000083600000, 0x0000000083600000| Complete 
|  51|0x0000000083700000, 0x0000000083800000, 0x0000000083800000|100%| S|CS|TAMS 0x0000000083700000, 0x0000000083700000| Complete 
|  52|0x0000000083800000, 0x0000000083800000, 0x0000000083900000|  0%| F|  |TAMS 0x0000000083800000, 0x0000000083800000| Untracked 
|  53|0x0000000083900000, 0x0000000083900000, 0x0000000083a00000|  0%| F|  |TAMS 0x0000000083900000, 0x0000000083900000| Untracked 
|  54|0x0000000083a00000, 0x0000000083a00000, 0x0000000083b00000|  0%| F|  |TAMS 0x0000000083a00000, 0x0000000083a00000| Untracked 
|  55|0x0000000083b00000, 0x0000000083b00000, 0x0000000083c00000|  0%| F|  |TAMS 0x0000000083b00000, 0x0000000083b00000| Untracked 
|  56|0x0000000083c00000, 0x0000000083c00000, 0x0000000083d00000|  0%| F|  |TAMS 0x0000000083c00000, 0x0000000083c00000| Untracked 
|  57|0x0000000083d00000, 0x0000000083d00000, 0x0000000083e00000|  0%| F|  |TAMS 0x0000000083d00000, 0x0000000083d00000| Untracked 
|  58|0x0000000083e00000, 0x0000000083e00000, 0x0000000083f00000|  0%| F|  |TAMS 0x0000000083e00000, 0x0000000083e00000| Untracked 
|  59|0x0000000083f00000, 0x0000000083f00000, 0x0000000084000000|  0%| F|  |TAMS 0x0000000083f00000, 0x0000000083f00000| Untracked 
|  60|0x0000000084000000, 0x0000000084000000, 0x0000000084100000|  0%| F|  |TAMS 0x0000000084000000, 0x0000000084000000| Untracked 
|  61|0x0000000084100000, 0x0000000084100000, 0x0000000084200000|  0%| F|  |TAMS 0x0000000084100000, 0x0000000084100000| Untracked 
|  62|0x0000000084200000, 0x0000000084200000, 0x0000000084300000|  0%| F|  |TAMS 0x0000000084200000, 0x0000000084200000| Untracked 
|  63|0x0000000084300000, 0x0000000084300000, 0x0000000084400000|  0%| F|  |TAMS 0x0000000084300000, 0x0000000084300000| Untracked 
|  64|0x0000000084400000, 0x0000000084400000, 0x0000000084500000|  0%| F|  |TAMS 0x0000000084400000, 0x0000000084400000| Untracked 
|  65|0x0000000084500000, 0x0000000084500000, 0x0000000084600000|  0%| F|  |TAMS 0x0000000084500000, 0x0000000084500000| Untracked 
|  66|0x0000000084600000, 0x0000000084600000, 0x0000000084700000|  0%| F|  |TAMS 0x0000000084600000, 0x0000000084600000| Untracked 
|  67|0x0000000084700000, 0x0000000084700000, 0x0000000084800000|  0%| F|  |TAMS 0x0000000084700000, 0x0000000084700000| Untracked 
|  68|0x0000000084800000, 0x0000000084800000, 0x0000000084900000|  0%| F|  |TAMS 0x0000000084800000, 0x0000000084800000| Untracked 
|  69|0x0000000084900000, 0x0000000084900000, 0x0000000084a00000|  0%| F|  |TAMS 0x0000000084900000, 0x0000000084900000| Untracked 
|  70|0x0000000084a00000, 0x0000000084a00000, 0x0000000084b00000|  0%| F|  |TAMS 0x0000000084a00000, 0x0000000084a00000| Untracked 
|  71|0x0000000084b00000, 0x0000000084b00000, 0x0000000084c00000|  0%| F|  |TAMS 0x0000000084b00000, 0x0000000084b00000| Untracked 
|  72|0x0000000084c00000, 0x0000000084c00000, 0x0000000084d00000|  0%| F|  |TAMS 0x0000000084c00000, 0x0000000084c00000| Untracked 
|  73|0x0000000084d00000, 0x0000000084d00000, 0x0000000084e00000|  0%| F|  |TAMS 0x0000000084d00000, 0x0000000084d00000| Untracked 
|  74|0x0000000084e00000, 0x0000000084e00000, 0x0000000084f00000|  0%| F|  |TAMS 0x0000000084e00000, 0x0000000084e00000| Untracked 
|  75|0x0000000084f00000, 0x0000000084f00000, 0x0000000085000000|  0%| F|  |TAMS 0x0000000084f00000, 0x0000000084f00000| Untracked 
|  76|0x0000000085000000, 0x0000000085000000, 0x0000000085100000|  0%| F|  |TAMS 0x0000000085000000, 0x0000000085000000| Untracked 
|  77|0x0000000085100000, 0x0000000085100000, 0x0000000085200000|  0%| F|  |TAMS 0x0000000085100000, 0x0000000085100000| Untracked 
|  78|0x0000000085200000, 0x0000000085200000, 0x0000000085300000|  0%| F|  |TAMS 0x0000000085200000, 0x0000000085200000| Untracked 
|  79|0x0000000085300000, 0x0000000085300000, 0x0000000085400000|  0%| F|  |TAMS 0x0000000085300000, 0x0000000085300000| Untracked 
|  80|0x0000000085400000, 0x0000000085400000, 0x0000000085500000|  0%| F|  |TAMS 0x0000000085400000, 0x0000000085400000| Untracked 
|  81|0x0000000085500000, 0x0000000085500000, 0x0000000085600000|  0%| F|  |TAMS 0x0000000085500000, 0x0000000085500000| Untracked 
|  82|0x0000000085600000, 0x0000000085600000, 0x0000000085700000|  0%| F|  |TAMS 0x0000000085600000, 0x0000000085600000| Untracked 
|  83|0x0000000085700000, 0x0000000085700000, 0x0000000085800000|  0%| F|  |TAMS 0x0000000085700000, 0x0000000085700000| Untracked 
|  84|0x0000000085800000, 0x0000000085800000, 0x0000000085900000|  0%| F|  |TAMS 0x0000000085800000, 0x0000000085800000| Untracked 
|  85|0x0000000085900000, 0x0000000085900000, 0x0000000085a00000|  0%| F|  |TAMS 0x0000000085900000, 0x0000000085900000| Untracked 
|  86|0x0000000085a00000, 0x0000000085a00000, 0x0000000085b00000|  0%| F|  |TAMS 0x0000000085a00000, 0x0000000085a00000| Untracked 
|  87|0x0000000085b00000, 0x0000000085b00000, 0x0000000085c00000|  0%| F|  |TAMS 0x0000000085b00000, 0x0000000085b00000| Untracked 
|  88|0x0000000085c00000, 0x0000000085c00000, 0x0000000085d00000|  0%| F|  |TAMS 0x0000000085c00000, 0x0000000085c00000| Untracked 
|  89|0x0000000085d00000, 0x0000000085d00000, 0x0000000085e00000|  0%| F|  |TAMS 0x0000000085d00000, 0x0000000085d00000| Untracked 
|  90|0x0000000085e00000, 0x0000000085e00000, 0x0000000085f00000|  0%| F|  |TAMS 0x0000000085e00000, 0x0000000085e00000| Untracked 
|  91|0x0000000085f00000, 0x0000000085f00000, 0x0000000086000000|  0%| F|  |TAMS 0x0000000085f00000, 0x0000000085f00000| Untracked 
|  92|0x0000000086000000, 0x0000000086000000, 0x0000000086100000|  0%| F|  |TAMS 0x0000000086000000, 0x0000000086000000| Untracked 
|  93|0x0000000086100000, 0x0000000086100000, 0x0000000086200000|  0%| F|  |TAMS 0x0000000086100000, 0x0000000086100000| Untracked 
|  94|0x0000000086200000, 0x0000000086200000, 0x0000000086300000|  0%| F|  |TAMS 0x0000000086200000, 0x0000000086200000| Untracked 
|  95|0x0000000086300000, 0x0000000086300000, 0x0000000086400000|  0%| F|  |TAMS 0x0000000086300000, 0x0000000086300000| Untracked 
|  96|0x0000000086400000, 0x0000000086400000, 0x0000000086500000|  0%| F|  |TAMS 0x0000000086400000, 0x0000000086400000| Untracked 
|  97|0x0000000086500000, 0x0000000086500000, 0x0000000086600000|  0%| F|  |TAMS 0x0000000086500000, 0x0000000086500000| Untracked 
|  98|0x0000000086600000, 0x0000000086600000, 0x0000000086700000|  0%| F|  |TAMS 0x0000000086600000, 0x0000000086600000| Untracked 
|  99|0x0000000086700000, 0x0000000086700000, 0x0000000086800000|  0%| F|  |TAMS 0x0000000086700000, 0x0000000086700000| Untracked 
| 100|0x0000000086800000, 0x0000000086800000, 0x0000000086900000|  0%| F|  |TAMS 0x0000000086800000, 0x0000000086800000| Untracked 
| 101|0x0000000086900000, 0x0000000086900000, 0x0000000086a00000|  0%| F|  |TAMS 0x0000000086900000, 0x0000000086900000| Untracked 
| 102|0x0000000086a00000, 0x0000000086a00000, 0x0000000086b00000|  0%| F|  |TAMS 0x0000000086a00000, 0x0000000086a00000| Untracked 
| 103|0x0000000086b00000, 0x0000000086b00000, 0x0000000086c00000|  0%| F|  |TAMS 0x0000000086b00000, 0x0000000086b00000| Untracked 
| 104|0x0000000086c00000, 0x0000000086c00000, 0x0000000086d00000|  0%| F|  |TAMS 0x0000000086c00000, 0x0000000086c00000| Untracked 
| 105|0x0000000086d00000, 0x0000000086d00000, 0x0000000086e00000|  0%| F|  |TAMS 0x0000000086d00000, 0x0000000086d00000| Untracked 
| 106|0x0000000086e00000, 0x0000000086e00000, 0x0000000086f00000|  0%| F|  |TAMS 0x0000000086e00000, 0x0000000086e00000| Untracked 
| 107|0x0000000086f00000, 0x0000000086f00000, 0x0000000087000000|  0%| F|  |TAMS 0x0000000086f00000, 0x0000000086f00000| Untracked 
| 108|0x0000000087000000, 0x0000000087000000, 0x0000000087100000|  0%| F|  |TAMS 0x0000000087000000, 0x0000000087000000| Untracked 
| 109|0x0000000087100000, 0x0000000087100000, 0x0000000087200000|  0%| F|  |TAMS 0x0000000087100000, 0x0000000087100000| Untracked 
| 110|0x0000000087200000, 0x0000000087200000, 0x0000000087300000|  0%| F|  |TAMS 0x0000000087200000, 0x0000000087200000| Untracked 
| 111|0x0000000087300000, 0x0000000087300000, 0x0000000087400000|  0%| F|  |TAMS 0x0000000087300000, 0x0000000087300000| Untracked 
| 112|0x0000000087400000, 0x0000000087400000, 0x0000000087500000|  0%| F|  |TAMS 0x0000000087400000, 0x0000000087400000| Untracked 
| 113|0x0000000087500000, 0x0000000087500000, 0x0000000087600000|  0%| F|  |TAMS 0x0000000087500000, 0x0000000087500000| Untracked 
| 114|0x0000000087600000, 0x0000000087600000, 0x0000000087700000|  0%| F|  |TAMS 0x0000000087600000, 0x0000000087600000| Untracked 
| 115|0x0000000087700000, 0x0000000087700000, 0x0000000087800000|  0%| F|  |TAMS 0x0000000087700000, 0x0000000087700000| Untracked 
| 116|0x0000000087800000, 0x0000000087800000, 0x0000000087900000|  0%| F|  |TAMS 0x0000000087800000, 0x0000000087800000| Untracked 
| 117|0x0000000087900000, 0x0000000087900000, 0x0000000087a00000|  0%| F|  |TAMS 0x0000000087900000, 0x0000000087900000| Untracked 
| 118|0x0000000087a00000, 0x0000000087a00000, 0x0000000087b00000|  0%| F|  |TAMS 0x0000000087a00000, 0x0000000087a00000| Untracked 
| 119|0x0000000087b00000, 0x0000000087b00000, 0x0000000087c00000|  0%| F|  |TAMS 0x0000000087b00000, 0x0000000087b00000| Untracked 
| 120|0x0000000087c00000, 0x0000000087c00000, 0x0000000087d00000|  0%| F|  |TAMS 0x0000000087c00000, 0x0000000087c00000| Untracked 
| 121|0x0000000087d00000, 0x0000000087d00000, 0x0000000087e00000|  0%| F|  |TAMS 0x0000000087d00000, 0x0000000087d00000| Untracked 
| 122|0x0000000087e00000, 0x0000000087e00000, 0x0000000087f00000|  0%| F|  |TAMS 0x0000000087e00000, 0x0000000087e00000| Untracked 
| 123|0x0000000087f00000, 0x0000000087f00000, 0x0000000088000000|  0%| F|  |TAMS 0x0000000087f00000, 0x0000000087f00000| Untracked 
| 124|0x0000000088000000, 0x0000000088000000, 0x0000000088100000|  0%| F|  |TAMS 0x0000000088000000, 0x0000000088000000| Untracked 
| 125|0x0000000088100000, 0x0000000088200000, 0x0000000088200000|100%| E|  |TAMS 0x0000000088100000, 0x0000000088100000| Complete 
| 126|0x0000000088200000, 0x0000000088300000, 0x0000000088300000|100%| E|CS|TAMS 0x0000000088200000, 0x0000000088200000| Complete 
| 127|0x0000000088300000, 0x0000000088400000, 0x0000000088400000|100%| E|CS|TAMS 0x0000000088300000, 0x0000000088300000| Complete 

Card table byte_map: [0x0000018eb4fe0000,0x0000018eb53e0000] _byte_map_base: 0x0000018eb4bde000

Marking Bits (Prev, Next): (CMBitMap*) 0x0000018e9c6166b0, (CMBitMap*) 0x0000018e9c6166f0
 Prev Bits: [0x0000018eb57e0000, 0x0000018eb77d0000)
 Next Bits: [0x0000018eb77d0000, 0x0000018eb97c0000)

Polling page: 0x0000018e9c6b0000

Metaspace:

Usage:
  Non-class:     14.65 MB used.
      Class:      1.93 MB used.
       Both:     16.58 MB used.

Virtual space:
  Non-class space:       16.00 MB reserved,      14.75 MB ( 92%) committed,  2 nodes.
      Class space:        1.00 GB reserved,       2.00 MB ( <1%) committed,  1 nodes.
             Both:        1.02 GB reserved,      16.75 MB (  2%) committed. 

Chunk freelists:
   Non-Class:  768.00 KB
       Class:  1.83 MB
        Both:  2.58 MB

MaxMetaspaceSize: unlimited
CompressedClassSpaceSize: 1.00 GB
Initial GC threshold: 21.00 MB
Current GC threshold: 21.00 MB
CDS: on
MetaspaceReclaimPolicy: balanced
 - commit_granule_bytes: 65536.
 - commit_granule_words: 8192.
 - virtual_space_node_default_size: 1048576.
 - enlarge_chunks_in_place: 1.
 - new_chunks_are_fully_committed: 0.
 - uncommit_free_chunks: 1.
 - use_allocation_guard: 0.
 - handle_deallocations: 1.


Internal statistics:

num_allocs_failed_limit: 0.
num_arena_births: 106.
num_arena_deaths: 0.
num_vsnodes_births: 3.
num_vsnodes_deaths: 0.
num_space_committed: 268.
num_space_uncommitted: 0.
num_chunks_returned_to_freelist: 0.
num_chunks_taken_from_freelist: 713.
num_chunk_merges: 0.
num_chunk_splits: 481.
num_chunks_enlarged: 390.
num_purges: 0.
num_inconsistent_stats: 0.

CodeHeap 'non-profiled nmethods': size=120000Kb used=1948Kb max_used=1948Kb free=118051Kb
 bounds [0x0000018ead080000, 0x0000018ead2f0000, 0x0000018eb45b0000]
CodeHeap 'profiled nmethods': size=120000Kb used=8068Kb max_used=8068Kb free=111931Kb
 bounds [0x0000018ea5b50000, 0x0000018ea6340000, 0x0000018ead080000]
CodeHeap 'non-nmethods': size=5760Kb used=1183Kb max_used=1247Kb free=4576Kb
 bounds [0x0000018ea55b0000, 0x0000018ea5820000, 0x0000018ea5b50000]
 total_blobs=4433 nmethods=3957 adapters=388
 compilation: enabled
              stopped_count=0, restarted_count=0
 full_count=0

Compilation events (20 events):
Event: 4.053 Thread 0x0000018ebd24e7e0 nmethod 3943 0x0000018ead259710 code [0x0000018ead259920, 0x0000018ead25ab28]
Event: 4.053 Thread 0x0000018ebd24e7e0 3945       4       org.apache.maven.model.merge.MavenModelMerger::mergePlugin_Executions (235 bytes)
Event: 4.054 Thread 0x0000018ebbdb6d50 nmethod 3859 0x0000018ead25b690 code [0x0000018ead25bb40, 0x0000018ead25fb18]
Event: 4.055 Thread 0x0000018ebbdb6d50 3950       4       java.util.concurrent.ConcurrentHashMap$Node::<init> (20 bytes)
Event: 4.060 Thread 0x0000018ebbdb6d50 nmethod 3950 0x0000018ead261f10 code [0x0000018ead262080, 0x0000018ead2622b8]
Event: 4.060 Thread 0x0000018ebbdb6d50 3951       4       java.lang.StringBuilder::append (10 bytes)
Event: 4.068 Thread 0x0000018ebbdb6d50 nmethod 3951 0x0000018ead262310 code [0x0000018ead2624c0, 0x0000018ead262c48]
Event: 4.068 Thread 0x0000018ebbdc91a0 3952       3       org.codehaus.plexus.util.xml.pull.MXParser::requireInput (104 bytes)
Event: 4.069 Thread 0x0000018ebbdc91a0 nmethod 3952 0x0000018ea632a210 code [0x0000018ea632a4e0, 0x0000018ea632b058]
Event: 4.070 Thread 0x0000018ebbdc91a0 3953  s    3       java.io.BufferedInputStream::available (35 bytes)
Event: 4.070 Thread 0x0000018ebbdc91a0 nmethod 3953 0x0000018ea632b510 code [0x0000018ea632b6e0, 0x0000018ea632bb38]
Event: 4.070 Thread 0x0000018ebbdc91a0 3954       3       org.apache.maven.model.io.xpp3.MavenXpp3Reader::parseReportPlugin (373 bytes)
Event: 4.071 Thread 0x0000018ebbdb6d50 3956       4       org.eclipse.sisu.wire.EntryListAdapter$ValueIterator::next (18 bytes)
Event: 4.072 Thread 0x0000018ebbdc91a0 nmethod 3954 0x0000018ea632bc90 code [0x0000018ea632c220, 0x0000018ea632ec38]
Event: 4.072 Thread 0x0000018ebbdc91a0 3955   !   3       java.util.WeakHashMap::expungeStaleEntries (139 bytes)
Event: 4.073 Thread 0x0000018ebbdc91a0 nmethod 3955 0x0000018ea632fb10 code [0x0000018ea632fd20, 0x0000018ea6330728]
Event: 4.075 Thread 0x0000018ebbdb6d50 nmethod 3956 0x0000018ead263110 code [0x0000018ead2632c0, 0x0000018ead263698]
Event: 4.076 Thread 0x0000018ebbdc91a0 3957       3       org.codehaus.plexus.interpolation.RegexBasedInterpolator::addValueSource (12 bytes)
Event: 4.076 Thread 0x0000018ebbdc91a0 nmethod 3957 0x0000018ea6330c10 code [0x0000018ea6330dc0, 0x0000018ea6330f88]
Event: 4.105 Thread 0x0000018ebd24e7e0 nmethod 3945 0x0000018ead263910 code [0x0000018ead263ba0, 0x0000018ead265960]

GC Heap History (8 events):
Event: 0.631 GC heap before
{Heap before GC invocations=0 (full 0):
 garbage-first heap   total 131072K, used 13312K [0x0000000080400000, 0x0000000100000000)
  region size 1024K, 13 young (13312K), 0 survivors (0K)
 Metaspace       used 3654K, committed 3776K, reserved 1056768K
  class space    used 386K, committed 448K, reserved 1048576K
}
Event: 0.636 GC heap after
{Heap after GC invocations=1 (full 0):
 garbage-first heap   total 131072K, used 3229K [0x0000000080400000, 0x0000000100000000)
  region size 1024K, 2 young (2048K), 2 survivors (2048K)
 Metaspace       used 3654K, committed 3776K, reserved 1056768K
  class space    used 386K, committed 448K, reserved 1048576K
}
Event: 0.995 GC heap before
{Heap before GC invocations=1 (full 0):
 garbage-first heap   total 131072K, used 15517K [0x0000000080400000, 0x0000000100000000)
  region size 1024K, 14 young (14336K), 2 survivors (2048K)
 Metaspace       used 5748K, committed 5888K, reserved 1056768K
  class space    used 687K, committed 768K, reserved 1048576K
}
Event: 0.999 GC heap after
{Heap after GC invocations=2 (full 0):
 garbage-first heap   total 131072K, used 3931K [0x0000000080400000, 0x0000000100000000)
  region size 1024K, 1 young (1024K), 1 survivors (1024K)
 Metaspace       used 5748K, committed 5888K, reserved 1056768K
  class space    used 687K, committed 768K, reserved 1048576K
}
Event: 1.784 GC heap before
{Heap before GC invocations=2 (full 0):
 garbage-first heap   total 131072K, used 34651K [0x0000000080400000, 0x0000000100000000)
  region size 1024K, 31 young (31744K), 1 survivors (1024K)
 Metaspace       used 10203K, committed 10368K, reserved 1064960K
  class space    used 1249K, committed 1344K, reserved 1048576K
}
Event: 1.788 GC heap after
{Heap after GC invocations=3 (full 0):
 garbage-first heap   total 131072K, used 5678K [0x0000000080400000, 0x0000000100000000)
  region size 1024K, 3 young (3072K), 3 survivors (3072K)
 Metaspace       used 10203K, committed 10368K, reserved 1064960K
  class space    used 1249K, committed 1344K, reserved 1048576K
}
Event: 3.990 GC heap before
{Heap before GC invocations=3 (full 0):
 garbage-first heap   total 131072K, used 80430K [0x0000000080400000, 0x0000000100000000)
  region size 1024K, 76 young (77824K), 3 survivors (3072K)
 Metaspace       used 16948K, committed 17152K, reserved 1064960K
  class space    used 1977K, committed 2048K, reserved 1048576K
}
Event: 4.005 GC heap after
{Heap after GC invocations=4 (full 0):
 garbage-first heap   total 131072K, used 10701K [0x0000000080400000, 0x0000000100000000)
  region size 1024K, 8 young (8192K), 8 survivors (8192K)
 Metaspace       used 16948K, committed 17152K, reserved 1064960K
  class space    used 1977K, committed 2048K, reserved 1048576K
}

Deoptimization events (20 events):
Event: 3.804 Thread 0x0000018e9c5d4380 Uncommon trap: trap_request=0xffffffde fr.pc=0x0000018ead0bd9b8 relative=0x0000000000000f18
Event: 3.804 Thread 0x0000018e9c5d4380 Uncommon trap: reason=class_check action=maybe_recompile pc=0x0000018ead0bd9b8 method=java.util.concurrent.ConcurrentHashMap.putVal(Ljava/lang/Object;Ljava/lang/Object;Z)Ljava/lang/Object; @ 242 c2
Event: 3.804 Thread 0x0000018e9c5d4380 DEOPT PACKING pc=0x0000018ead0bd9b8 sp=0x00000064555fcae0
Event: 3.804 Thread 0x0000018e9c5d4380 DEOPT UNPACKING pc=0x0000018ea56023a3 sp=0x00000064555fca50 mode 2
Event: 3.835 Thread 0x0000018e9c5d4380 Uncommon trap: trap_request=0xffffff45 fr.pc=0x0000018ead0f22bc relative=0x000000000000057c
Event: 3.835 Thread 0x0000018e9c5d4380 Uncommon trap: reason=unstable_if action=reinterpret pc=0x0000018ead0f22bc method=java.lang.String.regionMatches(ZILjava/lang/String;II)Z @ 21 c2
Event: 3.835 Thread 0x0000018e9c5d4380 DEOPT PACKING pc=0x0000018ead0f22bc sp=0x00000064555fc300
Event: 3.835 Thread 0x0000018e9c5d4380 DEOPT UNPACKING pc=0x0000018ea56023a3 sp=0x00000064555fc2a8 mode 2
Event: 3.944 Thread 0x0000018e9c5d4380 Uncommon trap: trap_request=0xffffffde fr.pc=0x0000018ead0bd9b8 relative=0x0000000000000f18
Event: 3.944 Thread 0x0000018e9c5d4380 Uncommon trap: reason=class_check action=maybe_recompile pc=0x0000018ead0bd9b8 method=java.util.concurrent.ConcurrentHashMap.putVal(Ljava/lang/Object;Ljava/lang/Object;Z)Ljava/lang/Object; @ 242 c2
Event: 3.944 Thread 0x0000018e9c5d4380 DEOPT PACKING pc=0x0000018ead0bd9b8 sp=0x00000064555fcae0
Event: 3.944 Thread 0x0000018e9c5d4380 DEOPT UNPACKING pc=0x0000018ea56023a3 sp=0x00000064555fca50 mode 2
Event: 4.013 Thread 0x0000018e9c5d4380 Uncommon trap: trap_request=0xffffff45 fr.pc=0x0000018ead14aa14 relative=0x0000000000000174
Event: 4.013 Thread 0x0000018e9c5d4380 Uncommon trap: reason=unstable_if action=reinterpret pc=0x0000018ead14aa14 method=java.util.WeakHashMap.expungeStaleEntries()V @ 9 c2
Event: 4.013 Thread 0x0000018e9c5d4380 DEOPT PACKING pc=0x0000018ead14aa14 sp=0x00000064555fc700
Event: 4.013 Thread 0x0000018e9c5d4380 DEOPT UNPACKING pc=0x0000018ea56023a3 sp=0x00000064555fc698 mode 2
Event: 4.024 Thread 0x0000018e9c5d4380 Uncommon trap: trap_request=0xffffffde fr.pc=0x0000018ead0bd9b8 relative=0x0000000000000f18
Event: 4.024 Thread 0x0000018e9c5d4380 Uncommon trap: reason=class_check action=maybe_recompile pc=0x0000018ead0bd9b8 method=java.util.concurrent.ConcurrentHashMap.putVal(Ljava/lang/Object;Ljava/lang/Object;Z)Ljava/lang/Object; @ 242 c2
Event: 4.024 Thread 0x0000018e9c5d4380 DEOPT PACKING pc=0x0000018ead0bd9b8 sp=0x00000064555fc740
Event: 4.024 Thread 0x0000018e9c5d4380 DEOPT UNPACKING pc=0x0000018ea56023a3 sp=0x00000064555fc6b0 mode 2

Classes unloaded (0 events):
No events

Classes redefined (0 events):
No events

Internal exceptions (20 events):
Event: 0.801 Thread 0x0000018e9c5d4380 Exception <a 'java/lang/NoClassDefFoundError'{0x0000000087fb6288}: javax/enterprise/inject/Typed> (0x0000000087fb6288) 
thrown [t:\workspace\open\src\hotspot\share\classfile\systemDictionary.cpp, line 245]
Event: 1.803 Thread 0x0000018e9c5d4380 Exception <a 'java/lang/NoSuchMethodError'{0x0000000088397c70}: 'void java.lang.invoke.DirectMethodHandle$Holder.invokeStaticInit(java.lang.Object, java.lang.Object, java.lang.Object)'> (0x0000000088397c70) 
thrown [t:\workspace\open\src\hotspot\share\interpreter\linkResolver.cpp, line 766]
Event: 1.808 Thread 0x0000018e9c5d4380 Exception <a 'java/lang/ExceptionInInitializerError'{0x00000000883c2598}> (0x00000000883c2598) 
thrown [t:\workspace\open\src\hotspot\share\oops\instanceKlass.cpp, line 1163]
Event: 1.844 Thread 0x0000018e9c5d4380 Implicit null exception at 0x0000018ead0fa92f to 0x0000018ead0faa44
Event: 1.848 Thread 0x0000018e9c5d4380 Exception <a 'java/lang/NoSuchMethodError'{0x00000000882cbc00}: 'java.lang.Object java.lang.invoke.Invokers$Holder.invokeExact_MT(java.lang.Object, int, java.lang.Object)'> (0x00000000882cbc00) 
thrown [t:\workspace\open\src\hotspot\share\interpreter\linkResolver.cpp, line 766]
Event: 1.884 Thread 0x0000018e9c5d4380 Exception <a 'java/lang/NoSuchMethodError'{0x000000008813fed0}: 'void java.lang.invoke.DirectMethodHandle$Holder.invokeStatic(java.lang.Object, java.lang.Object)'> (0x000000008813fed0) 
thrown [t:\workspace\open\src\hotspot\share\interpreter\linkResolver.cpp, line 766]
Event: 1.888 Thread 0x0000018e9c5d4380 Exception <a 'java/lang/NoSuchMethodError'{0x000000008814f758}: 'int java.lang.invoke.DirectMethodHandle$Holder.invokeSpecial(java.lang.Object, java.lang.Object, java.lang.Object, java.lang.Object)'> (0x000000008814f758) 
thrown [t:\workspace\open\src\hotspot\share\interpreter\linkResolver.cpp, line 766]
Event: 2.178 Thread 0x0000018e9c5d4380 Exception <a 'java/lang/NoClassDefFoundError'{0x000000008798ae00}: com/google/inject/servlet/ServletModuleTargetVisitor> (0x000000008798ae00) 
thrown [t:\workspace\open\src\hotspot\share\classfile\systemDictionary.cpp, line 245]
Event: 2.243 Thread 0x0000018e9c5d4380 Exception <a 'java/lang/NoSuchMethodError'{0x0000000087716a78}: 'void java.lang.invoke.DirectMethodHandle$Holder.invokeVirtual(java.lang.Object, java.lang.Object)'> (0x0000000087716a78) 
thrown [t:\workspace\open\src\hotspot\share\interpreter\linkResolver.cpp, line 766]
Event: 2.268 Thread 0x0000018e9c5d4380 Exception <a 'java/lang/NoSuchMethodError'{0x000000008778f908}: 'java.lang.Object java.lang.invoke.DirectMethodHandle$Holder.invokeStaticInit(java.lang.Object, int, int, int, int)'> (0x000000008778f908) 
thrown [t:\workspace\open\src\hotspot\share\interpreter\linkResolver.cpp, line 766]
Event: 2.699 Thread 0x0000018e9c5d4380 Implicit null exception at 0x0000018ead13606a to 0x0000018ead136230
Event: 2.699 Thread 0x0000018e9c5d4380 Implicit null exception at 0x0000018ead19b393 to 0x0000018ead19ca24
Event: 2.700 Thread 0x0000018e9c5d4380 Implicit null exception at 0x0000018ead1372ea to 0x0000018ead1374a8
Event: 2.700 Thread 0x0000018e9c5d4380 Implicit null exception at 0x0000018ead127958 to 0x0000018ead1279ee
Event: 2.810 Thread 0x0000018e9c5d4380 Exception <a 'java/lang/NoSuchMethodError'{0x00000000868b5b48}: 'java.lang.Object java.lang.invoke.DirectMethodHandle$Holder.newInvokeSpecial(java.lang.Object, java.lang.Object, java.lang.Object, java.lang.Object, java.lang.Object, java.lang.Object, java.lang.Object)'> (0x00000000868b5b48) 
thrown [t:\workspace\open\src\hotspot\share\interpreter\linkResolver.cpp, line 766]
Event: 2.811 Thread 0x0000018e9c5d4380 Exception <a 'java/lang/NoSuchMethodError'{0x00000000868ba458}: 'java.lang.Object java.lang.invoke.Invokers$Holder.linkToTargetMethod(java.lang.Object, java.lang.Object, java.lang.Object, java.lang.Object, java.lang.Object, java.lang.Object, java.lang.Object)'> (0x00000000868ba458) 
thrown [t:\workspace\open\src\hotspot\share\interpreter\linkResolver.cpp, line 766]
Event: 3.075 Thread 0x0000018e9c5d4380 Exception <a 'java/lang/NoSuchMethodError'{0x0000000085b3f170}: 'java.lang.Object java.lang.invoke.DirectMethodHandle$Holder.invokeVirtual(java.lang.Object, java.lang.Object, java.lang.Object)'> (0x0000000085b3f170) 
thrown [t:\workspace\open\src\hotspot\share\interpreter\linkResolver.cpp, line 766]
Event: 3.077 Thread 0x0000018e9c5d4380 Exception <a 'java/lang/NoSuchMethodError'{0x0000000085b466d8}: 'void java.lang.invoke.DirectMethodHandle$Holder.invokeSpecial(java.lang.Object, java.lang.Object, java.lang.Object, java.lang.Object, java.lang.Object, java.lang.Object)'> (0x0000000085b466d8) 
thrown [t:\workspace\open\src\hotspot\share\interpreter\linkResolver.cpp, line 766]
Event: 3.079 Thread 0x0000018e9c5d4380 Exception <a 'java/lang/NoSuchMethodError'{0x0000000085b51cf0}: 'int java.lang.invoke.DirectMethodHandle$Holder.invokeVirtual(java.lang.Object, java.lang.Object)'> (0x0000000085b51cf0) 
thrown [t:\workspace\open\src\hotspot\share\interpreter\linkResolver.cpp, line 766]
Event: 3.114 Thread 0x0000018e9c5d4380 Implicit null exception at 0x0000018ead0c2cf2 to 0x0000018ead0c3280

VM Operations (20 events):
Event: 2.282 Executing VM operation: HandshakeAllThreads
Event: 2.282 Executing VM operation: HandshakeAllThreads done
Event: 2.376 Executing VM operation: HandshakeAllThreads
Event: 2.376 Executing VM operation: HandshakeAllThreads done
Event: 2.377 Executing VM operation: HandshakeAllThreads
Event: 2.377 Executing VM operation: HandshakeAllThreads done
Event: 2.510 Executing VM operation: HandshakeAllThreads
Event: 2.510 Executing VM operation: HandshakeAllThreads done
Event: 2.510 Executing VM operation: HandshakeAllThreads
Event: 2.510 Executing VM operation: HandshakeAllThreads done
Event: 2.707 Executing VM operation: ICBufferFull
Event: 2.707 Executing VM operation: ICBufferFull done
Event: 3.039 Executing VM operation: ICBufferFull
Event: 3.039 Executing VM operation: ICBufferFull done
Event: 3.465 Executing VM operation: HandshakeAllThreads
Event: 3.465 Executing VM operation: HandshakeAllThreads done
Event: 3.467 Executing VM operation: ICBufferFull
Event: 3.467 Executing VM operation: ICBufferFull done
Event: 3.990 Executing VM operation: G1CollectForAllocation
Event: 4.006 Executing VM operation: G1CollectForAllocation done

Events (20 events):
Event: 3.043 loading class org/xml/sax/SAXException
Event: 3.043 loading class org/xml/sax/SAXException done
Event: 3.043 loading class org/w3c/dom/Document
Event: 3.043 loading class org/w3c/dom/Document done
Event: 3.043 loading class org/w3c/dom/Element
Event: 3.043 loading class org/w3c/dom/Element done
Event: 3.090 loading class java/net/URISyntaxException
Event: 3.090 loading class java/net/URISyntaxException done
Event: 3.098 loading class jdk/internal/reflect/UnsafeBooleanFieldAccessorImpl
Event: 3.098 loading class jdk/internal/reflect/UnsafeBooleanFieldAccessorImpl done
Event: 3.442 loading class java/io/FileWriter
Event: 3.442 loading class java/io/FileWriter done
Event: 3.470 loading class jdk/internal/reflect/UnsafeIntegerFieldAccessorImpl
Event: 3.470 loading class jdk/internal/reflect/UnsafeIntegerFieldAccessorImpl done
Event: 3.475 loading class java/util/ServiceConfigurationError
Event: 3.475 loading class java/util/ServiceConfigurationError done
Event: 3.507 loading class sun/nio/fs/WindowsChannelFactory$2
Event: 3.507 loading class sun/nio/fs/WindowsChannelFactory$2 done
Event: 3.507 loading class java/nio/channels/Channels$1
Event: 3.508 loading class java/nio/channels/Channels$1 done


Dynamic libraries:
0x00007ff7170e0000 - 0x00007ff7170f0000 	D:\JAVA\bin\java.exe
0x00007ffb5ce90000 - 0x00007ffb5d088000 	C:\Windows\SYSTEM32\ntdll.dll
0x00007ffb5b210000 - 0x00007ffb5b2cd000 	C:\Windows\System32\KERNEL32.DLL
0x00007ffb5a740000 - 0x00007ffb5aa36000 	C:\Windows\System32\KERNELBASE.dll
0x00007ffb5aa70000 - 0x00007ffb5ab70000 	C:\Windows\System32\ucrtbase.dll
0x00007ffb30a90000 - 0x00007ffb30aa8000 	D:\JAVA\bin\jli.dll
0x00007ffb30ab0000 - 0x00007ffb30aca000 	D:\JAVA\bin\VCRUNTIME140.dll
0x00007ffb5c900000 - 0x00007ffb5c9b0000 	C:\Windows\System32\ADVAPI32.dll
0x00007ffb5af70000 - 0x00007ffb5b00e000 	C:\Windows\System32\msvcrt.dll
0x00007ffb5b010000 - 0x00007ffb5b0b0000 	C:\Windows\System32\sechost.dll
0x00007ffb5b2d0000 - 0x00007ffb5b3f5000 	C:\Windows\System32\RPCRT4.dll
0x00007ffb5aa40000 - 0x00007ffb5aa67000 	C:\Windows\System32\bcrypt.dll
0x00007ffb5ccb0000 - 0x00007ffb5ce4e000 	C:\Windows\System32\USER32.dll
0x00007ffb5ab70000 - 0x00007ffb5ab92000 	C:\Windows\System32\win32u.dll
0x00007ffb5c330000 - 0x00007ffb5c35b000 	C:\Windows\System32\GDI32.dll
0x00007ffb42070000 - 0x00007ffb4230a000 	C:\Windows\WinSxS\amd64_microsoft.windows.common-controls_6595b64144ccf1df_6.0.19041.3636_none_60b6a03d71f818d5\COMCTL32.dll
0x00007ffb5ac10000 - 0x00007ffb5ad27000 	C:\Windows\System32\gdi32full.dll
0x00007ffb5a6a0000 - 0x00007ffb5a73d000 	C:\Windows\System32\msvcp_win.dll
0x00007ffb51a60000 - 0x00007ffb51a6a000 	C:\Windows\SYSTEM32\VERSION.dll
0x00007ffb5c2f0000 - 0x00007ffb5c322000 	C:\Windows\System32\IMM32.DLL
0x00007ffb30630000 - 0x00007ffb3063c000 	D:\JAVA\bin\vcruntime140_1.dll
0x00007ffb305a0000 - 0x00007ffb3062d000 	D:\JAVA\bin\msvcp140.dll
0x00007ffb2f9d0000 - 0x00007ffb3058e000 	D:\JAVA\bin\server\jvm.dll
0x00007ffb5b1e0000 - 0x00007ffb5b1e8000 	C:\Windows\System32\PSAPI.DLL
0x00007ffb4b000000 - 0x00007ffb4b027000 	C:\Windows\SYSTEM32\WINMM.dll
0x00007ffb2f9c0000 - 0x00007ffb2f9c9000 	C:\Windows\SYSTEM32\WSOCK32.dll
0x00007ffb5c1f0000 - 0x00007ffb5c25b000 	C:\Windows\System32\WS2_32.dll
0x00007ffb583d0000 - 0x00007ffb583e2000 	C:\Windows\SYSTEM32\kernel.appcore.dll
0x00007ffb2f9b0000 - 0x00007ffb2f9ba000 	D:\JAVA\bin\jimage.dll
0x00007ffb495b0000 - 0x00007ffb49794000 	C:\Windows\SYSTEM32\DBGHELP.DLL
0x00007ffb413d0000 - 0x00007ffb41404000 	C:\Windows\SYSTEM32\dbgcore.DLL
0x00007ffb5ae30000 - 0x00007ffb5aeb2000 	C:\Windows\System32\bcryptPrimitives.dll
0x00007ffb2f610000 - 0x00007ffb2f635000 	D:\JAVA\bin\java.dll
0x00007ffb2eb60000 - 0x00007ffb2ec36000 	D:\JAVA\bin\svml.dll
0x00007ffb5ba20000 - 0x00007ffb5c18b000 	C:\Windows\System32\SHELL32.dll
0x00007ffb585d0000 - 0x00007ffb58d6e000 	C:\Windows\SYSTEM32\windows.storage.dll
0x00007ffb5b6c0000 - 0x00007ffb5ba13000 	C:\Windows\System32\combase.dll
0x00007ffb59dc0000 - 0x00007ffb59dee000 	C:\Windows\SYSTEM32\Wldp.dll
0x00007ffb5c360000 - 0x00007ffb5c42d000 	C:\Windows\System32\OLEAUT32.dll
0x00007ffb5aec0000 - 0x00007ffb5af6d000 	C:\Windows\System32\SHCORE.dll
0x00007ffb5c190000 - 0x00007ffb5c1e5000 	C:\Windows\System32\shlwapi.dll
0x00007ffb5a470000 - 0x00007ffb5a495000 	C:\Windows\SYSTEM32\profapi.dll
0x00007ffb2e940000 - 0x00007ffb2e959000 	D:\JAVA\bin\net.dll
0x00007ffb52d10000 - 0x00007ffb52e1a000 	C:\Windows\SYSTEM32\WINHTTP.dll
0x00007ffb59ba0000 - 0x00007ffb59c0a000 	C:\Windows\system32\mswsock.dll
0x00007ffb2e7e0000 - 0x00007ffb2e7f5000 	D:\JAVA\bin\nio.dll
0x00007ffb35310000 - 0x00007ffb35328000 	D:\JAVA\bin\zip.dll
0x0000000069ac0000 - 0x0000000069ae4000 	D:\Maven\apache-maven-3.9.5\lib\jansi-native\Windows\x86_64\jansi.dll
0x00007ffb55c80000 - 0x00007ffb55c90000 	D:\JAVA\bin\verify.dll

dbghelp: loaded successfully - version: 4.0.5 - missing functions: none
symbol engine: initialized successfully - sym options: 0x614 - pdb path: .;D:\JAVA\bin;C:\Windows\SYSTEM32;C:\Windows\WinSxS\amd64_microsoft.windows.common-controls_6595b64144ccf1df_6.0.19041.3636_none_60b6a03d71f818d5;D:\JAVA\bin\server;D:\Maven\apache-maven-3.9.5\lib\jansi-native\Windows\x86_64

VM Arguments:
jvm_args: -Dclassworlds.conf=D:\Maven\apache-maven-3.9.5\bin\m2.conf -Dmaven.home=D:\Maven\apache-maven-3.9.5 -Dlibrary.jansi.path=D:\Maven\apache-maven-3.9.5\lib\jansi-native -Dmaven.multiModuleProjectDirectory=C:\Users\Douglas\Desktop\DouglasADM\Inatel\Atividades Inatel - 5 Semestre\SnakeGamePOO 
java_command: org.codehaus.plexus.classworlds.launcher.Launcher compile javafx:run
java_class_path (initial): D:\Maven\apache-maven-3.9.5\boot\plexus-classworlds-2.7.0.jar
Launcher Type: SUN_STANDARD

[Global flags]
     intx CICompilerCount                          = 3                                         {product} {ergonomic}
     uint ConcGCThreads                            = 1                                         {product} {ergonomic}
     uint G1ConcRefinementThreads                  = 4                                         {product} {ergonomic}
   size_t G1HeapRegionSize                         = 1048576                                   {product} {ergonomic}
    uintx GCDrainStackTargetSize                   = 64                                        {product} {ergonomic}
   size_t InitialHeapSize                          = 134217728                                 {product} {ergonomic}
   size_t MarkStackSize                            = 4194304                                   {product} {ergonomic}
   size_t MaxHeapSize                              = 2143289344                                {product} {ergonomic}
   size_t MaxNewSize                               = 1285554176                                {product} {ergonomic}
   size_t MinHeapDeltaBytes                        = 1048576                                   {product} {ergonomic}
   size_t MinHeapSize                              = 8388608                                   {product} {ergonomic}
    uintx NonNMethodCodeHeapSize                   = 5832780                                {pd product} {ergonomic}
    uintx NonProfiledCodeHeapSize                  = 122912730                              {pd product} {ergonomic}
    uintx ProfiledCodeHeapSize                     = 122912730                              {pd product} {ergonomic}
    uintx ReservedCodeCacheSize                    = 251658240                              {pd product} {ergonomic}
     bool SegmentedCodeCache                       = true                                      {product} {ergonomic}
   size_t SoftMaxHeapSize                          = 2143289344                             {manageable} {ergonomic}
     bool UseCompressedClassPointers               = true                           {product lp64_product} {ergonomic}
     bool UseCompressedOops                        = true                           {product lp64_product} {ergonomic}
     bool UseG1GC                                  = true                                      {product} {ergonomic}
     bool UseLargePagesIndividualAllocation        = false                                  {pd product} {ergonomic}

Logging:
Log output configuration:
 #0: stdout all=warning uptime,level,tags
 #1: stderr all=off uptime,level,tags

Environment Variables:
JAVA_HOME=D:\JAVA
PATH=C:\Program Files\Common Files\Oracle\Java\javapath;C:\Program Files (x86)\Common Files\Oracle\Java\javapath;C:\Program Files (x86)\Falcon\MinGW\bin;C:\Windows\system32;C:\Windows;C:\Windows\System32\Wbem;C:\Windows\System32\WindowsPowerShell\v1.0\;C:\Windows\System32\OpenSSH\;C:\Program Files (x86)\NVIDIA Corporation\PhysX\Common;C:\Program Files\NVIDIA Corporation\NVIDIA NvDLISR;C:\Program Files\dotnet\;C:\Program Files\Git\cmd;C:\Program Files\Docker\Docker\resources\bin;D:\JAVA\bin;D:\Maven\apache-maven-3.9.5\bin;C:\Program Files\nodejs\;C:\Ngrok;C:\Users\Douglas\AppData\Local\Programs\Python\Python311\Scripts\;C:\Users\Douglas\AppData\Local\Programs\Python\Python311\;C:\Users\Douglas\AppData\Local\Programs\Python\Python310\Scripts\;C:\Users\Douglas\AppData\Local\Programs\Python\Python310\;C:\Program Files\MySQL\MySQL Shell 8.0\bin\;C:\Users\Douglas\AppData\Local\Microsoft\WindowsApps;C:\Users\Douglas\AppData\Local\GitHubDesktop\bin;C:\Users\Douglas\Desktop\VsCode\Microsoft VS Code\bin;C:\Users\Douglas\Desktop\Flutter\flutter\bin;C:\Users\Douglas\.dotnet\tools;C:\ProgramData\Microsoft\Windows\Start Menu\Programs\Node.js;C:\Program Files\PostgreSQL\15\bin;C:\Users\Douglas\AppData\Roaming\npm;C:\Program Files\heroku\bin;
USERNAME=Douglas
LANG=en_US.UTF-8
OS=Windows_NT
PROCESSOR_IDENTIFIER=Intel64 Family 6 Model 58 Stepping 9, GenuineIntel



---------------  S Y S T E M  ---------------

OS:
 Windows 10 , 64 bit Build 19041 (10.0.19041.3636)
OS uptime: 0 days 12:44 hours
Hyper-V role detected

CPU: total 4 (initial active 4) (4 cores per cpu, 1 threads per core) family 6 model 58 stepping 9 microcode 0x21, cx8, cmov, fxsr, mmx, sse, sse2, sse3, ssse3, sse4.1, sse4.2, popcnt, tsc, tscinvbit, avx, aes, erms, clmul, vzeroupper, clflush, hv

Memory: 4k page, system-wide physical 8173M (1100M free)
TotalPageFile size 17389M (AvailPageFile size 2842M)
current process WorkingSet (physical memory assigned to process): 173M, peak: 175M
current process commit charge ("private bytes"): 252M, peak: 254M

vm_info: Java HotSpot(TM) 64-Bit Server VM (17+35-LTS-2724) for windows-amd64 JRE (17+35-LTS-2724), built on Aug  5 2021 23:28:28 by "mach5one" with MS VC++ 16.8 (VS2019)

END.
